Mutation testing report:
Number of mutations:    3
Killed:                 1 / 3

Mutations:
Mutation:
    File: /Users/sulpiride/Study/rr/week-1/src/BondingCurveSale.sol
    Line nr: 105
    Result: Killed
    Original line:
                 uint256 newPrice = ((initialLiquidity - reserveToken) + _value) ** 2;

    Mutated line:
                 uint256 newPrice = ((initialLiquidity - reserveToken) - _value) ** 2;


Mutation:
    File: /Users/sulpiride/Study/rr/week-1/src/TokenWithGodMode.sol
    Line nr: 18
    Result: Error
    Original line:
             constructor(string memory name, string memory symbol) ERC20(name, symbol) Ownable(msg.sender) {

    Mutated line:
             constructor(string memory name, string memory symbol) ERC20(name, symbol)  {


Mutation:
    File: /Users/sulpiride/Study/rr/week-1/src/BondingCurveSale.sol
    Line nr: 75
    Result: Lived
    Original line:
             function sell(uint256 _amount, uint256 _minReceive) external whenStarted {

    Mutated line:
             function sell(uint256 _amount, uint256 _minReceive) external  {


